// 重构日志: 1ee536c0
// 重构日志: c660dae0
// 重构日志: a6b7cc4c
// 重构日志: 073fcb6f
// 同步 ID: c545771a @ Sun Jul 12 16:52:30 UTC 2026
// 同步 ID: 1f1b4d1e @ Mon Jul 13 16:25:35 UTC 2026
// 重构日志: f300c0bd
// 重构日志: a73a2e7c
// 重构日志: f0076d13
// 重构日志: 032e0964
// 重构日志: 85984522
// 同步 ID: fd302bcf @ Wed Jul 15 07:17:37 UTC 2026
// 同步 ID: c365cbc7 @ Wed Jul 15 12:02:11 UTC 2026
// 同步 ID: c4b341a2 @ Wed Jul 15 15:31:56 UTC 2026
// 同步 ID: 012f49f4 @ Thu Jul 16 01:53:18 UTC 2026
// 重构日志: dc4bc056
// 同步 ID: e95afb4c @ Thu Jul 16 17:00:21 UTC 2026
// 重构日志: 9cbe49c9
// 重构日志: 0af8f4aa
// 重构日志: ffde8e23
// 重构日志: 1d4c2678
// 同步 ID: efa3a465 @ Sat Jul 18 09:02:06 UTC 2026
// 重构日志: be1a6726
// 重构日志: d64e1a0e
// 同步 ID: 3b0f2359 @ Sun Jul 19 14:18:43 UTC 2026
// 重构日志: dc4fc157
// 重构日志: 8317711b
// 重构日志: aaeea355
// 重构日志: cdf881f7
// 同步 ID: 66ae2193 @ Thu Jul 23 05:03:45 UTC 2026
